2022-04-28 18:08:29,209 CRIT Supervisor is running as root.  Privileges were not dropped because no user is specified in the config file.  If you intend to run as root, you can set user=root in the config file to avoid this message.
2022-04-28 18:08:29,209 INFO Included extra file "/opt/docker/etc/supervisor.d/apache.conf" during parsing
2022-04-28 18:08:29,209 INFO Included extra file "/opt/docker/etc/supervisor.d/blackfire-agent.conf" during parsing
2022-04-28 18:08:29,209 INFO Included extra file "/opt/docker/etc/supervisor.d/cron.conf" during parsing
2022-04-28 18:08:29,209 INFO Included extra file "/opt/docker/etc/supervisor.d/dnsmasq.conf" during parsing
2022-04-28 18:08:29,209 INFO Included extra file "/opt/docker/etc/supervisor.d/php-fpm.conf" during parsing
2022-04-28 18:08:29,209 INFO Included extra file "/opt/docker/etc/supervisor.d/postfix.conf" during parsing
2022-04-28 18:08:29,209 INFO Included extra file "/opt/docker/etc/supervisor.d/ssh.conf" during parsing
2022-04-28 18:08:29,209 INFO Included extra file "/opt/docker/etc/supervisor.d/syslog.conf" during parsing
2022-04-28 18:08:29,217 INFO RPC interface 'supervisor' initialized
2022-04-28 18:08:29,217 INFO supervisord started with pid 82
2022-04-28 18:08:30,220 INFO spawned: 'syslogd' with pid 85
2022-04-28 18:08:30,222 INFO spawned: 'php-fpmd' with pid 86
2022-04-28 18:08:30,224 INFO spawned: 'apached' with pid 87
2022-04-28 18:08:30,226 INFO spawned: 'crond' with pid 89
2022-04-28 18:08:30,237 INFO spawned: 'postfixd' with pid 97
2022-04-28 18:08:30,239 INFO spawned: 'sshd' with pid 98
2022-04-28 18:08:30,241 INFO success: php-fpmd entered RUNNING state, process has stayed up for > than 0 seconds (startsecs)
2022-04-28 18:08:30,242 INFO success: apached entered RUNNING state, process has stayed up for > than 0 seconds (startsecs)
2022-04-28 18:08:30,242 INFO success: crond entered RUNNING state, process has stayed up for > than 0 seconds (startsecs)
2022-04-28 18:08:30,242 INFO success: postfixd entered RUNNING state, process has stayed up for > than 0 seconds (startsecs)
2022-04-28 18:08:30,242 INFO success: sshd entered RUNNING state, process has stayed up for > than 0 seconds (startsecs)
2022-04-28 18:08:31,369 INFO success: syslogd entered RUNNING state, process has stayed up for > than 1 seconds (startsecs)
2022-04-28 19:24:05,393 CRIT Supervisor is running as root.  Privileges were not dropped because no user is specified in the config file.  If you intend to run as root, you can set user=root in the config file to avoid this message.
2022-04-28 19:24:05,394 INFO Included extra file "/opt/docker/etc/supervisor.d/apache.conf" during parsing
2022-04-28 19:24:05,394 INFO Included extra file "/opt/docker/etc/supervisor.d/blackfire-agent.conf" during parsing
2022-04-28 19:24:05,394 INFO Included extra file "/opt/docker/etc/supervisor.d/cron.conf" during parsing
2022-04-28 19:24:05,395 INFO Included extra file "/opt/docker/etc/supervisor.d/dnsmasq.conf" during parsing
2022-04-28 19:24:05,395 INFO Included extra file "/opt/docker/etc/supervisor.d/php-fpm.conf" during parsing
2022-04-28 19:24:05,395 INFO Included extra file "/opt/docker/etc/supervisor.d/postfix.conf" during parsing
2022-04-28 19:24:05,395 INFO Included extra file "/opt/docker/etc/supervisor.d/ssh.conf" during parsing
2022-04-28 19:24:05,395 INFO Included extra file "/opt/docker/etc/supervisor.d/syslog.conf" during parsing
2022-04-28 19:24:05,439 INFO RPC interface 'supervisor' initialized
2022-04-28 19:24:05,440 INFO supervisord started with pid 81
2022-04-28 19:24:06,445 INFO spawned: 'syslogd' with pid 84
2022-04-28 19:24:06,448 INFO spawned: 'php-fpmd' with pid 85
2022-04-28 19:24:06,453 INFO spawned: 'apached' with pid 86
2022-04-28 19:24:06,458 INFO spawned: 'crond' with pid 87
2022-04-28 19:24:06,463 INFO spawned: 'postfixd' with pid 89
2022-04-28 19:24:06,468 INFO spawned: 'sshd' with pid 92
2022-04-28 19:24:06,472 INFO success: php-fpmd entered RUNNING state, process has stayed up for > than 0 seconds (startsecs)
2022-04-28 19:24:06,472 INFO success: apached entered RUNNING state, process has stayed up for > than 0 seconds (startsecs)
2022-04-28 19:24:06,473 INFO success: crond entered RUNNING state, process has stayed up for > than 0 seconds (startsecs)
2022-04-28 19:24:06,473 INFO success: postfixd entered RUNNING state, process has stayed up for > than 0 seconds (startsecs)
2022-04-28 19:24:06,476 INFO success: sshd entered RUNNING state, process has stayed up for > than 0 seconds (startsecs)
2022-04-28 19:24:07,734 INFO success: syslogd entered RUNNING state, process has stayed up for > than 1 seconds (startsecs)
